<?xml version="1.0" encoding="UTF-8"?>
<testng-results ignored="0" total="1" passed="1" failed="0" skipped="0">
  <reporter-output>
  </reporter-output>
  <suite started-at="2023-07-31T14:40:28 IST" name="Default suite" finished-at="2023-07-31T14:40:36 IST" duration-ms="8533">
    <groups>
    </groups>
    <test started-at="2023-07-31T14:40:28 IST" name="Default test" finished-at="2023-07-31T14:40:36 IST" duration-ms="8533">
      <class name="com.ictkerala.scripts.CreateBlogTestClass">
        <test-method is-config="true" signature="initialization()[pri:0, instance:com.ictkerala.scripts.CreateBlogTestClass@38425407]" started-at="2023-07-31T14:40:17 IST" name="initialization" finished-at="2023-07-31T14:40:28 IST" duration-ms="10883" status="PASS">
          <reporter-output>
          </reporter-output>
        </test-method> <!-- initialization -->
        <test-method is-config="true" signature="setlogin()[pri:0, instance:com.ictkerala.scripts.CreateBlogTestClass@38425407]" started-at="2023-07-31T14:40:28 IST" name="setlogin" finished-at="2023-07-31T14:40:28 IST" duration-ms="163" status="PASS">
          <reporter-output>
          </reporter-output>
        </test-method> <!-- setlogin -->
        <test-method signature="UserBlogValid()[pri:0, instance:com.ictkerala.scripts.CreateBlogTestClass@38425407]" started-at="2023-07-31T14:40:28 IST" name="UserBlogValid" finished-at="2023-07-31T14:40:36 IST" duration-ms="8345" status="PASS">
          <reporter-output>
          </reporter-output>
        </test-method> <!-- UserBlogValid -->
      </class> <!-- com.ictkerala.scripts.CreateBlogTestClass -->
    </test> <!-- Default test -->
  </suite> <!-- Default suite -->
</testng-results>
