<?xml version="1.0" encoding="UTF-8"?>
<testng-results ignored="0" total="1" passed="1" failed="0" skipped="0">
  <reporter-output>
  </reporter-output>
  <suite started-at="2023-07-24T19:43:39 IST" name="Default suite" finished-at="2023-07-24T19:43:40 IST" duration-ms="754">
    <groups>
    </groups>
    <test started-at="2023-07-24T19:43:39 IST" name="Default test" finished-at="2023-07-24T19:43:40 IST" duration-ms="754">
      <class name="com.ictkerala.scripts.TestClass">
        <test-method is-config="true" signature="initialization()[pri:0, instance:com.ictkerala.scripts.TestClass@43bc63a3]" started-at="2023-07-24T19:43:28 IST" name="initialization" finished-at="2023-07-24T19:43:39 IST" duration-ms="10934" status="PASS">
          <reporter-output>
          </reporter-output>
        </test-method> <!-- initialization -->
        <test-method signature="verifysignupscenario8()[pri:0, instance:com.ictkerala.scripts.TestClass@43bc63a3]" started-at="2023-07-24T19:43:39 IST" name="verifysignupscenario8" finished-at="2023-07-24T19:43:40 IST" duration-ms="730" status="PASS">
          <reporter-output>
          </reporter-output>
        </test-method> <!-- verifysignupscenario8 -->
      </class> <!-- com.ictkerala.scripts.TestClass -->
    </test> <!-- Default test -->
  </suite> <!-- Default suite -->
</testng-results>
