<?xml version="1.0" encoding="UTF-8"?>
<!-- Generated by org.testng.reporters.JUnitXMLReporter -->
<testsuite ignored="7" hostname="25NF-STR3" failures="0" tests="1" name="Default test" time="0.754" errors="0" timestamp="2023-07-24T19:43:40 IST">
  <testcase classname="com.ictkerala.scripts.TestClass" name="verifysignupscenario8" time="0.73"/>
  <testcase classname="com.ictkerala.scripts.TestClass" name="verifysignupscenario5" time="0.0">
    <ignored/>
  </testcase> <!-- verifysignupscenario5 -->
  <testcase classname="com.ictkerala.scripts.TestClass" name="verifysignupscenario7" time="0.0">
    <ignored/>
  </testcase> <!-- verifysignupscenario7 -->
  <testcase classname="com.ictkerala.scripts.TestClass" name="verifysignupscenario2" time="0.0">
    <ignored/>
  </testcase> <!-- verifysignupscenario2 -->
  <testcase classname="com.ictkerala.scripts.TestClass" name="verifysignupscenario6" time="0.0">
    <ignored/>
  </testcase> <!-- verifysignupscenario6 -->
  <testcase classname="com.ictkerala.scripts.TestClass" name="verifysignupscenario1" time="0.0">
    <ignored/>
  </testcase> <!-- verifysignupscenario1 -->
  <testcase classname="com.ictkerala.scripts.TestClass" name="verifysignupscenario4" time="0.0">
    <ignored/>
  </testcase> <!-- verifysignupscenario4 -->
  <testcase classname="com.ictkerala.scripts.TestClass" name="verifysignupscenario3" time="0.0">
    <ignored/>
  </testcase> <!-- verifysignupscenario3 -->
</testsuite> <!-- Default test -->
