<?xml version="1.0" encoding="UTF-8"?>
<!-- Generated by org.testng.reporters.JUnitXMLReporter -->
<testsuite ignored="3" hostname="25NF-STR3" failures="0" tests="1" name="Default test" time="0.921" errors="0" timestamp="2023-08-01T18:16:52 IST">
  <testcase classname="com.ictkerala.scripts.StudentLogin" name="verifyInValidLogin" time="0.71"/>
  <testcase classname="com.ictkerala.scripts.StudentLogin" name="VerifyInvalidemail" time="0.0">
    <ignored/>
  </testcase> <!-- VerifyInvalidemail -->
  <testcase classname="com.ictkerala.scripts.StudentLogin" name="verifyValidLogin" time="0.0">
    <ignored/>
  </testcase> <!-- verifyValidLogin -->
  <testcase classname="com.ictkerala.scripts.StudentLogin" name="VerifyInvalidPassword" time="0.0">
    <ignored/>
  </testcase> <!-- VerifyInvalidPassword -->
</testsuite> <!-- Default test -->
