<?xml version="1.0" encoding="UTF-8"?>
<!-- Generated by org.testng.reporters.JUnitXMLReporter -->
<testsuite ignored="5" hostname="25NF-STR3" failures="0" tests="1" name="Default test" time="8.533" errors="0" timestamp="2023-07-31T14:40:36 IST">
  <testcase classname="com.ictkerala.scripts.CreateBlogTestClass" name="UserBlogValid" time="8.345"/>
  <testcase classname="com.ictkerala.scripts.CreateBlogTestClass" name="UserBlogImg" time="0.0">
    <ignored/>
  </testcase> <!-- UserBlogImg -->
  <testcase classname="com.ictkerala.scripts.CreateBlogTestClass" name="UserBlogCatBlank" time="0.0">
    <ignored/>
  </testcase> <!-- UserBlogCatBlank -->
  <testcase classname="com.ictkerala.scripts.CreateBlogTestClass" name="UserBlogImgBlank" time="0.0">
    <ignored/>
  </testcase> <!-- UserBlogImgBlank -->
  <testcase classname="com.ictkerala.scripts.CreateBlogTestClass" name="UserBlogAuthor" time="0.0">
    <ignored/>
  </testcase> <!-- UserBlogAuthor -->
  <testcase classname="com.ictkerala.scripts.CreateBlogTestClass" name="UserBlogTitle" time="0.0">
    <ignored/>
  </testcase> <!-- UserBlogTitle -->
</testsuite> <!-- Default test -->
